<?xml version="1.0" encoding="UTF-8"?>
<!-- Generated by org.testng.reporters.JUnitReportReporter -->
<testsuite hostname="DESKTOP-5JTJNVM" name="com.supaur.framework.Sprint1.run.ActionRun2" tests="1" failures="0" timestamp="5 Jun 2021 10:54:49 GMT" time="6.648" errors="0">
  <testcase name="testProvider" time="6.648" classname="com.supaur.framework.Sprint1.run.ActionRun2"/>
</testsuite> <!-- com.supaur.framework.Sprint1.run.ActionRun2 -->
