<?xml version="1.0" encoding="UTF-8"?>
<!-- Generated by org.testng.reporters.JUnitReportReporter -->
<testsuite hostname="DESKTOP-5JTJNVM" name="com.supaur.framework.Sprint1.run.ActionRun" tests="1" failures="0" timestamp="29 May 2021 12:29:19 GMT" time="6.525" errors="0">
  <testcase name="UiTest" time="6.525" classname="com.supaur.framework.Sprint1.run.ActionRun"/>
</testsuite> <!-- com.supaur.framework.Sprint1.run.ActionRun -->
