<?xml version="1.0" encoding="UTF-8"?>
<!-- Generated by org.testng.reporters.JUnitReportReporter -->
<testsuite hostname="DESKTOP-5JTJNVM" name="com.supaur.framework.Sprint1.run.ActionRun" tests="1" failures="0" timestamp="2 Jun 2021 13:01:31 GMT" time="3.647" errors="0">
  <testcase name="UiTest" time="3.647" classname="com.supaur.framework.Sprint1.run.ActionRun"/>
</testsuite> <!-- com.supaur.framework.Sprint1.run.ActionRun -->
